2021-04-19 11:00:31,749 INFO o.a.j.u.JMeterUtils: Setting Locale to es_ES
2021-04-19 11:00:31,768 INFO o.a.j.u.JMeterUtils: Could not find resources for 'es_ES', using 'es'
2021-04-19 11:00:31,768 INFO o.a.j.JMeter: Loading user properties from: /home/alex/apache-jmeter-5.2.1/bin/user.properties
2021-04-19 11:00:31,768 INFO o.a.j.JMeter: Loading system properties from: /home/alex/apache-jmeter-5.2.1/bin/system.properties
2021-04-19 11:00:31,770 INFO o.a.j.JMeter: Copyright (c) 1998-2019 The Apache Software Foundation
2021-04-19 11:00:31,770 INFO o.a.j.JMeter: Version 5.2.1
2021-04-19 11:00:31,770 INFO o.a.j.JMeter: java.version=1.8.0_282
2021-04-19 11:00:31,770 INFO o.a.j.JMeter: java.vm.name=OpenJDK 64-Bit Server VM
2021-04-19 11:00:31,770 INFO o.a.j.JMeter: os.name=Linux
2021-04-19 11:00:31,770 INFO o.a.j.JMeter: os.arch=amd64
2021-04-19 11:00:31,770 INFO o.a.j.JMeter: os.version=5.4.0-67-generic
2021-04-19 11:00:31,770 INFO o.a.j.JMeter: file.encoding=UTF-8
2021-04-19 11:00:31,770 INFO o.a.j.JMeter: java.awt.headless=null
2021-04-19 11:00:31,770 INFO o.a.j.JMeter: Max memory     =1836580864
2021-04-19 11:00:31,770 INFO o.a.j.JMeter: Available Processors =8
2021-04-19 11:00:31,777 INFO o.a.j.JMeter: Default Locale=espa単ol (Espa単a)
2021-04-19 11:00:31,777 INFO o.a.j.JMeter: JMeter  Locale=espa単ol (Espa単a)
2021-04-19 11:00:31,777 INFO o.a.j.JMeter: JMeterHome=/home/alex/apache-jmeter-5.2.1
2021-04-19 11:00:31,777 INFO o.a.j.JMeter: user.dir  =/home/alex/Descargas/Samai/P2
2021-04-19 11:00:31,777 INFO o.a.j.JMeter: PWD       =/home/alex/Descargas/Samai/P2
2021-04-19 11:00:31,777 INFO o.a.j.JMeter: IP: 127.0.1.1 Name: alex-Lenovo-IdeaPad-Z510 FullName: alex-Lenovo-IdeaPad-Z510
2021-04-19 11:00:31,958 INFO o.a.j.g.a.LookAndFeelCommand: Installing Darcula LAF
2021-04-19 11:00:31,990 INFO o.a.j.g.a.LookAndFeelCommand: Using look and feel: com.bulenkov.darcula.DarculaLaf [Darcula]
2021-04-19 11:00:31,991 INFO o.a.j.JMeter: Setting LAF to: com.bulenkov.darcula.DarculaLaf
2021-04-19 11:00:32,066 INFO o.a.j.JMeter: Loaded icon properties from org/apache/jmeter/images/icon.properties
2021-04-19 11:00:33,536 INFO o.a.j.p.h.s.HTTPSamplerBase: Parser for text/html is org.apache.jmeter.protocol.http.parser.LagartoBasedHtmlParser
2021-04-19 11:00:33,537 INFO o.a.j.p.h.s.HTTPSamplerBase: Parser for application/xhtml+xml is org.apache.jmeter.protocol.http.parser.LagartoBasedHtmlParser
2021-04-19 11:00:33,537 INFO o.a.j.p.h.s.HTTPSamplerBase: Parser for application/xml is org.apache.jmeter.protocol.http.parser.LagartoBasedHtmlParser
2021-04-19 11:00:33,537 INFO o.a.j.p.h.s.HTTPSamplerBase: Parser for text/xml is org.apache.jmeter.protocol.http.parser.LagartoBasedHtmlParser
2021-04-19 11:00:33,537 INFO o.a.j.p.h.s.HTTPSamplerBase: Parser for text/vnd.wap.wml is org.apache.jmeter.protocol.http.parser.RegexpHTMLParser
2021-04-19 11:00:33,537 INFO o.a.j.p.h.s.HTTPSamplerBase: Parser for text/css is org.apache.jmeter.protocol.http.parser.CssParser
2021-04-19 11:00:33,813 INFO o.a.j.e.KeyToolUtils: keytool found at 'keytool'
2021-04-19 11:00:33,814 INFO o.a.j.p.h.p.ProxyControl: HTTP(S) Test Script Recorder SSL Proxy will use keys that support embedded 3rd party resources in file /home/alex/apache-jmeter-5.2.1/bin/proxyserver.jks
2021-04-19 11:00:33,933 INFO o.a.j.s.FileServer: Default base='/home/alex/Descargas/Samai/P2'
2021-04-19 11:00:34,244 INFO o.a.j.s.SampleResult: Note: Sample TimeStamps are START times
2021-04-19 11:00:34,244 INFO o.a.j.s.SampleResult: sampleresult.default.encoding is set to ISO-8859-1
2021-04-19 11:00:34,244 INFO o.a.j.s.SampleResult: sampleresult.useNanoTime=true
2021-04-19 11:00:34,244 INFO o.a.j.s.SampleResult: sampleresult.nanoThreadSleep=5000
2021-04-19 11:00:34,261 INFO o.a.j.v.ViewResultsFullVisualizer: Add JavaFX to your Java installation if you want to use renderer: org.apache.jmeter.visualizers.RenderInBrowser
2021-04-19 11:00:48,024 INFO o.a.j.g.a.Load: Loading file: /home/alex/Descargas/Samai/P2/P2.jmx
2021-04-19 11:00:48,025 INFO o.a.j.s.FileServer: Set new base='/home/alex/Descargas/Samai/P2'
2021-04-19 11:00:48,149 INFO o.a.j.s.SaveService: Testplan (JMX) version: 2.2. Testlog (JTL) version: 2.2
2021-04-19 11:00:48,153 INFO o.a.j.s.SaveService: Using SaveService properties file encoding UTF-8
2021-04-19 11:00:48,155 INFO o.a.j.s.SaveService: Using SaveService properties version 5.0
2021-04-19 11:00:48,158 INFO o.a.j.s.SaveService: Loading file: /home/alex/Descargas/Samai/P2/P2.jmx
2021-04-19 11:00:48,304 INFO o.a.j.v.ViewResultsFullVisualizer: Add JavaFX to your Java installation if you want to use renderer: org.apache.jmeter.visualizers.RenderInBrowser
2021-04-19 11:00:48,335 INFO o.a.j.s.FileServer: Set new base='/home/alex/Descargas/Samai/P2'
2021-04-19 11:01:02,215 INFO o.a.j.e.StandardJMeterEngine: Running the test!
2021-04-19 11:01:02,217 INFO o.a.j.s.SampleEvent: List of sample_variables: []
2021-04-19 11:01:02,217 INFO o.a.j.s.SampleEvent: List of sample_variables: []
2021-04-19 11:01:02,218 INFO o.a.j.e.u.CompoundVariable: Note: Function class names must contain the string: '.functions.'
2021-04-19 11:01:02,218 INFO o.a.j.e.u.CompoundVariable: Note: Function class names must not contain the string: '.gui.'
2021-04-19 11:01:02,451 INFO o.a.j.g.u.JMeterMenuBar: setRunning(true, *local*)
2021-04-19 11:01:02,609 INFO o.a.j.e.StandardJMeterEngine: Starting ThreadGroup: 1 : P1-base
2021-04-19 11:01:02,609 INFO o.a.j.e.StandardJMeterEngine: Starting 1 threads for group P1-base.
2021-04-19 11:01:02,609 INFO o.a.j.e.StandardJMeterEngine: Thread will continue on error
2021-04-19 11:01:02,609 INFO o.a.j.t.ThreadGroup: Starting thread group... number=1 threads=1 ramp-up=5 delayedStart=false
2021-04-19 11:01:02,616 INFO o.a.j.t.ThreadGroup: Started thread group number 1
2021-04-19 11:01:02,616 INFO o.a.j.e.StandardJMeterEngine: Waiting for thread group: P1-base to finish before starting next group
2021-04-19 11:01:02,618 INFO o.a.j.t.JMeterThread: Thread started: P1-base 1-1
2021-04-19 11:01:02,621 INFO o.a.j.s.FileServer: Stored: datagen/listado.csv
2021-04-19 11:01:02,628 INFO o.a.j.p.h.s.HTTPJavaImpl: Maximum connection retries = 0
2021-04-19 11:01:12,449 INFO o.a.j.t.JMeterThread: Thread is done: P1-base 1-1
2021-04-19 11:01:12,450 INFO o.a.j.t.JMeterThread: Thread finished: P1-base 1-1
2021-04-19 11:01:12,450 INFO o.a.j.e.StandardJMeterEngine: Starting ThreadGroup: 2 : P1-ws
2021-04-19 11:01:12,450 INFO o.a.j.e.StandardJMeterEngine: Starting 1 threads for group P1-ws.
2021-04-19 11:01:12,450 INFO o.a.j.e.StandardJMeterEngine: Thread will continue on error
2021-04-19 11:01:12,451 INFO o.a.j.t.ThreadGroup: Starting thread group... number=2 threads=1 ramp-up=5 delayedStart=false
2021-04-19 11:01:12,451 INFO o.a.j.t.ThreadGroup: Started thread group number 2
2021-04-19 11:01:12,452 INFO o.a.j.e.StandardJMeterEngine: Waiting for thread group: P1-ws to finish before starting next group
2021-04-19 11:01:12,452 INFO o.a.j.t.JMeterThread: Thread started: P1-ws 2-1
2021-04-19 11:01:20,760 INFO o.a.j.t.JMeterThread: Thread is done: P1-ws 2-1
2021-04-19 11:01:20,760 INFO o.a.j.t.JMeterThread: Thread finished: P1-ws 2-1
2021-04-19 11:01:20,760 INFO o.a.j.e.StandardJMeterEngine: Starting ThreadGroup: 3 : P1-ejb
2021-04-19 11:01:20,760 INFO o.a.j.e.StandardJMeterEngine: Starting 1 threads for group P1-ejb.
2021-04-19 11:01:20,760 INFO o.a.j.e.StandardJMeterEngine: Thread will continue on error
2021-04-19 11:01:20,760 INFO o.a.j.t.ThreadGroup: Starting thread group... number=3 threads=1 ramp-up=5 delayedStart=false
2021-04-19 11:01:20,761 INFO o.a.j.t.ThreadGroup: Started thread group number 3
2021-04-19 11:01:20,761 INFO o.a.j.e.StandardJMeterEngine: All thread groups have been started
2021-04-19 11:01:20,762 INFO o.a.j.t.JMeterThread: Thread started: P1-ejb 3-1
2021-04-19 11:01:27,561 INFO o.a.j.t.JMeterThread: Thread is done: P1-ejb 3-1
2021-04-19 11:01:27,561 INFO o.a.j.t.JMeterThread: Thread finished: P1-ejb 3-1
2021-04-19 11:01:27,561 INFO o.a.j.e.StandardJMeterEngine: Notifying test listeners of end of test
2021-04-19 11:01:27,562 INFO o.a.j.s.FileServer: Close: datagen/listado.csv
2021-04-19 11:01:27,562 INFO o.a.j.g.u.JMeterMenuBar: setRunning(false, *local*)
2021-04-19 11:25:40,569 INFO o.a.j.e.StandardJMeterEngine: Running the test!
2021-04-19 11:25:40,570 INFO o.a.j.s.SampleEvent: List of sample_variables: []
2021-04-19 11:25:40,570 INFO o.a.j.g.u.JMeterMenuBar: setRunning(true, *local*)
2021-04-19 11:25:40,837 INFO o.a.j.e.StandardJMeterEngine: Starting ThreadGroup: 1 : P1-ejb
2021-04-19 11:25:40,837 INFO o.a.j.e.StandardJMeterEngine: Starting 1 threads for group P1-ejb.
2021-04-19 11:25:40,837 INFO o.a.j.e.StandardJMeterEngine: Thread will continue on error
2021-04-19 11:25:40,837 INFO o.a.j.t.ThreadGroup: Starting thread group... number=1 threads=1 ramp-up=5 delayedStart=false
2021-04-19 11:25:40,838 INFO o.a.j.t.ThreadGroup: Started thread group number 1
2021-04-19 11:25:40,838 INFO o.a.j.e.StandardJMeterEngine: All thread groups have been started
2021-04-19 11:25:40,838 INFO o.a.j.t.JMeterThread: Thread started: P1-ejb 1-1
2021-04-19 11:25:40,839 INFO o.a.j.s.FileServer: Stored: datagen/listado.csv
2021-04-19 11:25:49,802 INFO o.a.j.t.JMeterThread: Thread is done: P1-ejb 1-1
2021-04-19 11:25:49,803 INFO o.a.j.t.JMeterThread: Thread finished: P1-ejb 1-1
2021-04-19 11:25:49,803 INFO o.a.j.e.StandardJMeterEngine: Notifying test listeners of end of test
2021-04-19 11:25:49,803 INFO o.a.j.s.FileServer: Close: datagen/listado.csv
2021-04-19 11:25:49,803 INFO o.a.j.g.u.JMeterMenuBar: setRunning(false, *local*)
2021-04-19 11:25:56,190 INFO o.a.j.e.StandardJMeterEngine: Running the test!
2021-04-19 11:25:56,191 INFO o.a.j.s.SampleEvent: List of sample_variables: []
2021-04-19 11:25:56,192 INFO o.a.j.g.u.JMeterMenuBar: setRunning(true, *local*)
2021-04-19 11:25:56,340 INFO o.a.j.e.StandardJMeterEngine: Starting ThreadGroup: 1 : P1-ejb
2021-04-19 11:25:56,340 INFO o.a.j.e.StandardJMeterEngine: Starting 1 threads for group P1-ejb.
2021-04-19 11:25:56,341 INFO o.a.j.e.StandardJMeterEngine: Thread will continue on error
2021-04-19 11:25:56,341 INFO o.a.j.t.ThreadGroup: Starting thread group... number=1 threads=1 ramp-up=5 delayedStart=false
2021-04-19 11:25:56,341 INFO o.a.j.t.ThreadGroup: Started thread group number 1
2021-04-19 11:25:56,341 INFO o.a.j.e.StandardJMeterEngine: All thread groups have been started
2021-04-19 11:25:56,341 INFO o.a.j.t.JMeterThread: Thread started: P1-ejb 1-1
2021-04-19 11:25:56,342 INFO o.a.j.s.FileServer: Stored: datagen/listado.csv
2021-04-19 11:26:00,875 INFO o.a.j.t.JMeterThread: Thread is done: P1-ejb 1-1
2021-04-19 11:26:00,875 INFO o.a.j.t.JMeterThread: Thread finished: P1-ejb 1-1
2021-04-19 11:26:00,876 INFO o.a.j.e.StandardJMeterEngine: Notifying test listeners of end of test
2021-04-19 11:26:00,876 INFO o.a.j.s.FileServer: Close: datagen/listado.csv
2021-04-19 11:26:00,876 INFO o.a.j.g.u.JMeterMenuBar: setRunning(false, *local*)
2021-04-19 11:27:38,752 INFO o.a.j.e.StandardJMeterEngine: Running the test!
2021-04-19 11:27:38,752 INFO o.a.j.s.SampleEvent: List of sample_variables: []
2021-04-19 11:27:38,753 INFO o.a.j.g.u.JMeterMenuBar: setRunning(true, *local*)
2021-04-19 11:27:38,841 INFO o.a.j.e.StandardJMeterEngine: Starting ThreadGroup: 1 : P1-ejb
2021-04-19 11:27:38,841 INFO o.a.j.e.StandardJMeterEngine: Starting 1 threads for group P1-ejb.
2021-04-19 11:27:38,841 INFO o.a.j.e.StandardJMeterEngine: Thread will continue on error
2021-04-19 11:27:38,841 INFO o.a.j.t.ThreadGroup: Starting thread group... number=1 threads=1 ramp-up=5 delayedStart=false
2021-04-19 11:27:38,842 INFO o.a.j.t.ThreadGroup: Started thread group number 1
2021-04-19 11:27:38,842 INFO o.a.j.e.StandardJMeterEngine: All thread groups have been started
2021-04-19 11:27:38,842 INFO o.a.j.t.JMeterThread: Thread started: P1-ejb 1-1
2021-04-19 11:27:38,843 INFO o.a.j.s.FileServer: Stored: datagen/listado.csv
2021-04-19 11:27:43,195 INFO o.a.j.t.JMeterThread: Thread is done: P1-ejb 1-1
2021-04-19 11:27:43,195 INFO o.a.j.t.JMeterThread: Thread finished: P1-ejb 1-1
2021-04-19 11:27:43,195 INFO o.a.j.e.StandardJMeterEngine: Notifying test listeners of end of test
2021-04-19 11:27:43,195 INFO o.a.j.s.FileServer: Close: datagen/listado.csv
2021-04-19 11:27:43,196 INFO o.a.j.g.u.JMeterMenuBar: setRunning(false, *local*)
2021-04-19 11:27:55,701 INFO o.a.j.e.StandardJMeterEngine: Running the test!
2021-04-19 11:27:55,702 INFO o.a.j.s.SampleEvent: List of sample_variables: []
2021-04-19 11:27:55,703 INFO o.a.j.g.u.JMeterMenuBar: setRunning(true, *local*)
2021-04-19 11:27:55,707 INFO o.a.j.e.StandardJMeterEngine: Starting ThreadGroup: 1 : P1-ejb
2021-04-19 11:27:55,708 INFO o.a.j.e.StandardJMeterEngine: Starting 1 threads for group P1-ejb.
2021-04-19 11:27:55,708 INFO o.a.j.e.StandardJMeterEngine: Thread will continue on error
2021-04-19 11:27:55,708 INFO o.a.j.t.ThreadGroup: Starting thread group... number=1 threads=1 ramp-up=5 delayedStart=false
2021-04-19 11:27:55,708 INFO o.a.j.t.ThreadGroup: Started thread group number 1
2021-04-19 11:27:55,708 INFO o.a.j.e.StandardJMeterEngine: All thread groups have been started
2021-04-19 11:27:55,709 INFO o.a.j.t.JMeterThread: Thread started: P1-ejb 1-1
2021-04-19 11:27:55,709 INFO o.a.j.s.FileServer: Stored: datagen/listado.csv
2021-04-19 11:27:59,815 INFO o.a.j.t.JMeterThread: Thread is done: P1-ejb 1-1
2021-04-19 11:27:59,815 INFO o.a.j.t.JMeterThread: Thread finished: P1-ejb 1-1
2021-04-19 11:27:59,815 INFO o.a.j.e.StandardJMeterEngine: Notifying test listeners of end of test
2021-04-19 11:27:59,815 INFO o.a.j.s.FileServer: Close: datagen/listado.csv
2021-04-19 11:27:59,816 INFO o.a.j.g.u.JMeterMenuBar: setRunning(false, *local*)
2021-04-19 11:28:02,943 INFO o.a.j.e.StandardJMeterEngine: Running the test!
2021-04-19 11:28:02,943 INFO o.a.j.s.SampleEvent: List of sample_variables: []
2021-04-19 11:28:02,944 INFO o.a.j.g.u.JMeterMenuBar: setRunning(true, *local*)
2021-04-19 11:28:03,048 INFO o.a.j.e.StandardJMeterEngine: Starting ThreadGroup: 1 : P1-ejb
2021-04-19 11:28:03,049 INFO o.a.j.e.StandardJMeterEngine: Starting 1 threads for group P1-ejb.
2021-04-19 11:28:03,049 INFO o.a.j.e.StandardJMeterEngine: Thread will continue on error
2021-04-19 11:28:03,049 INFO o.a.j.t.ThreadGroup: Starting thread group... number=1 threads=1 ramp-up=5 delayedStart=false
2021-04-19 11:28:03,052 INFO o.a.j.t.ThreadGroup: Started thread group number 1
2021-04-19 11:28:03,052 INFO o.a.j.e.StandardJMeterEngine: All thread groups have been started
2021-04-19 11:28:03,052 INFO o.a.j.t.JMeterThread: Thread started: P1-ejb 1-1
2021-04-19 11:28:03,052 INFO o.a.j.s.FileServer: Stored: datagen/listado.csv
2021-04-19 11:28:07,205 INFO o.a.j.t.JMeterThread: Thread is done: P1-ejb 1-1
2021-04-19 11:28:07,205 INFO o.a.j.t.JMeterThread: Thread finished: P1-ejb 1-1
2021-04-19 11:28:07,205 INFO o.a.j.e.StandardJMeterEngine: Notifying test listeners of end of test
2021-04-19 11:28:07,205 INFO o.a.j.s.FileServer: Close: datagen/listado.csv
2021-04-19 11:28:07,206 INFO o.a.j.g.u.JMeterMenuBar: setRunning(false, *local*)
2021-04-19 11:29:47,712 INFO o.a.j.e.StandardJMeterEngine: Running the test!
2021-04-19 11:29:47,713 INFO o.a.j.s.SampleEvent: List of sample_variables: []
2021-04-19 11:29:47,714 INFO o.a.j.g.u.JMeterMenuBar: setRunning(true, *local*)
2021-04-19 11:29:47,868 INFO o.a.j.e.StandardJMeterEngine: Starting ThreadGroup: 1 : P1-base
2021-04-19 11:29:47,868 INFO o.a.j.e.StandardJMeterEngine: Starting 1 threads for group P1-base.
2021-04-19 11:29:47,868 INFO o.a.j.e.StandardJMeterEngine: Thread will continue on error
2021-04-19 11:29:47,868 INFO o.a.j.t.ThreadGroup: Starting thread group... number=1 threads=1 ramp-up=5 delayedStart=false
2021-04-19 11:29:47,871 INFO o.a.j.t.ThreadGroup: Started thread group number 1
2021-04-19 11:29:47,871 INFO o.a.j.e.StandardJMeterEngine: Waiting for thread group: P1-base to finish before starting next group
2021-04-19 11:29:47,871 INFO o.a.j.t.JMeterThread: Thread started: P1-base 1-1
2021-04-19 11:29:47,871 INFO o.a.j.s.FileServer: Stored: datagen/listado.csv
2021-04-19 11:29:54,813 INFO o.a.j.t.JMeterThread: Thread is done: P1-base 1-1
2021-04-19 11:29:54,813 INFO o.a.j.t.JMeterThread: Thread finished: P1-base 1-1
2021-04-19 11:29:54,813 INFO o.a.j.e.StandardJMeterEngine: Starting ThreadGroup: 2 : P1-ws
2021-04-19 11:29:54,813 INFO o.a.j.e.StandardJMeterEngine: Starting 1 threads for group P1-ws.
2021-04-19 11:29:54,814 INFO o.a.j.e.StandardJMeterEngine: Thread will continue on error
2021-04-19 11:29:54,814 INFO o.a.j.t.ThreadGroup: Starting thread group... number=2 threads=1 ramp-up=5 delayedStart=false
2021-04-19 11:29:54,814 INFO o.a.j.t.ThreadGroup: Started thread group number 2
2021-04-19 11:29:54,814 INFO o.a.j.e.StandardJMeterEngine: Waiting for thread group: P1-ws to finish before starting next group
2021-04-19 11:29:54,814 INFO o.a.j.t.JMeterThread: Thread started: P1-ws 2-1
2021-04-19 11:29:58,277 INFO o.a.j.g.a.Start: Stopping test
2021-04-19 11:29:58,283 INFO o.a.j.t.JMeterThread: Stopping: P1-ws 2-1
2021-04-19 11:29:58,284 WARN o.a.j.t.JMeterThread: Interrupting: P1-ws 2-1 sampler: P1-ws
2021-04-19 11:29:58,300 ERROR o.a.j.p.h.s.HTTPJavaImpl: readResponse: java.net.SocketException: Socket closed
2021-04-19 11:29:58,300 ERROR o.a.j.p.h.s.HTTPJavaImpl: Cause: java.net.SocketException: Socket closed
2021-04-19 11:29:58,301 INFO o.a.j.t.JMeterThread: Thread finished: P1-ws 2-1
2021-04-19 11:29:58,302 INFO o.a.j.e.StandardJMeterEngine: Test stopped - no more thread groups will be started
2021-04-19 11:29:58,302 INFO o.a.j.e.StandardJMeterEngine: Notifying test listeners of end of test
2021-04-19 11:29:58,302 INFO o.a.j.s.FileServer: Close: datagen/listado.csv
2021-04-19 11:29:58,302 INFO o.a.j.g.u.JMeterMenuBar: setRunning(false, *local*)
2021-04-19 11:30:05,334 INFO o.a.j.e.StandardJMeterEngine: Running the test!
2021-04-19 11:30:05,335 INFO o.a.j.s.SampleEvent: List of sample_variables: []
2021-04-19 11:30:05,335 INFO o.a.j.g.u.JMeterMenuBar: setRunning(true, *local*)
2021-04-19 11:30:05,449 INFO o.a.j.e.StandardJMeterEngine: Starting ThreadGroup: 1 : P1-base
2021-04-19 11:30:05,449 INFO o.a.j.e.StandardJMeterEngine: Starting 1 threads for group P1-base.
2021-04-19 11:30:05,449 INFO o.a.j.e.StandardJMeterEngine: Thread will continue on error
2021-04-19 11:30:05,449 INFO o.a.j.t.ThreadGroup: Starting thread group... number=1 threads=1 ramp-up=5 delayedStart=false
2021-04-19 11:30:05,450 INFO o.a.j.t.ThreadGroup: Started thread group number 1
2021-04-19 11:30:05,450 INFO o.a.j.e.StandardJMeterEngine: Waiting for thread group: P1-base to finish before starting next group
2021-04-19 11:30:05,450 INFO o.a.j.t.JMeterThread: Thread started: P1-base 1-1
2021-04-19 11:30:05,451 INFO o.a.j.s.FileServer: Stored: datagen/listado.csv
2021-04-19 11:30:11,582 INFO o.a.j.t.JMeterThread: Thread is done: P1-base 1-1
2021-04-19 11:30:11,583 INFO o.a.j.t.JMeterThread: Thread finished: P1-base 1-1
2021-04-19 11:30:11,583 INFO o.a.j.e.StandardJMeterEngine: Starting ThreadGroup: 2 : P1-ws
2021-04-19 11:30:11,583 INFO o.a.j.e.StandardJMeterEngine: Starting 1 threads for group P1-ws.
2021-04-19 11:30:11,583 INFO o.a.j.e.StandardJMeterEngine: Thread will continue on error
2021-04-19 11:30:11,583 INFO o.a.j.t.ThreadGroup: Starting thread group... number=2 threads=1 ramp-up=5 delayedStart=false
2021-04-19 11:30:11,584 INFO o.a.j.t.ThreadGroup: Started thread group number 2
2021-04-19 11:30:11,584 INFO o.a.j.e.StandardJMeterEngine: Waiting for thread group: P1-ws to finish before starting next group
2021-04-19 11:30:11,584 INFO o.a.j.t.JMeterThread: Thread started: P1-ws 2-1
2021-04-19 11:30:17,879 INFO o.a.j.t.JMeterThread: Thread is done: P1-ws 2-1
2021-04-19 11:30:17,879 INFO o.a.j.t.JMeterThread: Thread finished: P1-ws 2-1
2021-04-19 11:30:17,879 INFO o.a.j.e.StandardJMeterEngine: Starting ThreadGroup: 3 : P1-ejb
2021-04-19 11:30:17,879 INFO o.a.j.e.StandardJMeterEngine: Starting 1 threads for group P1-ejb.
2021-04-19 11:30:17,879 INFO o.a.j.e.StandardJMeterEngine: Thread will continue on error
2021-04-19 11:30:17,880 INFO o.a.j.t.ThreadGroup: Starting thread group... number=3 threads=1 ramp-up=5 delayedStart=false
2021-04-19 11:30:17,880 INFO o.a.j.t.ThreadGroup: Started thread group number 3
2021-04-19 11:30:17,880 INFO o.a.j.e.StandardJMeterEngine: All thread groups have been started
2021-04-19 11:30:17,880 INFO o.a.j.t.JMeterThread: Thread started: P1-ejb 3-1
2021-04-19 11:30:24,821 INFO o.a.j.t.JMeterThread: Thread is done: P1-ejb 3-1
2021-04-19 11:30:24,821 INFO o.a.j.t.JMeterThread: Thread finished: P1-ejb 3-1
2021-04-19 11:30:24,821 INFO o.a.j.e.StandardJMeterEngine: Notifying test listeners of end of test
2021-04-19 11:30:24,821 INFO o.a.j.s.FileServer: Close: datagen/listado.csv
2021-04-19 11:30:24,822 INFO o.a.j.g.u.JMeterMenuBar: setRunning(false, *local*)
