

*******************************************************************************
Tue Dec  8 12:33:33 2020


FIT:    data read from "bin_unif_sorted" using 1:3
        format = x:z
        #datapoints = 91
        residuals are weighted equally (unit weight)

function used for fitting: f(x)
	f(x) =a*log(x)+b
fitted parameters initialized with current variable values

iter      chisq       delta/lim  lambda   a             b            
   0 3.0204060657e+02   0.00e+00  6.04e+00    1.000000e+00   1.000000e+00
   5 5.8769087476e-02  -2.39e-07  6.04e-05    1.434121e+00  -8.703332e-01

After 5 iterations the fit converged.
final sum of squares of residuals : 0.0587691
rel. change during last iteration : -2.39081e-12

degrees of freedom    (FIT_NDF)                        : 89
rms of residuals      (FIT_STDFIT) = sqrt(WSSR/ndf)    : 0.0256968
variance of residuals (reduced chisquare) = WSSR/ndf   : 0.000660327

Final set of parameters            Asymptotic Standard Error
=======================            ==========================
a               = 1.43412          +/- 0.0045       (0.3138%)
b               = -0.870333        +/- 0.03817      (4.386%)

correlation matrix of the fit parameters:
                a      b      
a               1.000 
b              -0.998  1.000 


*******************************************************************************
Tue Dec  8 12:33:33 2020


FIT:    data read from "lin_unif_notsorted" using 1:3
        format = x:z
        #datapoints = 91
        residuals are weighted equally (unit weight)

function used for fitting: g(x)
	g(x) = ((a*x)/2)+b
fitted parameters initialized with current variable values

iter      chisq       delta/lim  lambda   a             b            
   0 1.5898292640e+08   0.00e+00  3.09e+03    1.434121e+00  -8.703332e-01
   8 0.0000000000e+00  -inf       3.09e-01    1.000000e+00   5.000000e-01

After 8 iterations the fit converged.
final sum of squares of residuals : 0
abs. change during last iteration : -3.71844e-23


Hmmmm.... Sum of squared residuals is zero. Can't compute errors.

Final set of parameters 
======================= 

a               = 1              
b               = 0.5            


*******************************************************************************
Tue Dec  8 12:36:33 2020


FIT:    data read from "bin_unif_sorted" using 1:3
        format = x:z
        x range restricted to [1000.00 : 10000.0]
        #datapoints = 91
        residuals are weighted equally (unit weight)

function used for fitting: f(x)
	f(x) =a*log(x)+b
fitted parameters initialized with current variable values

iter      chisq       delta/lim  lambda   a             b            
   0 4.8886725056e+02   0.00e+00  6.01e+00    1.000000e+00   5.000000e-01
   5 5.8769087476e-02  -8.29e-05  6.01e-05    1.434121e+00  -8.703332e-01

After 5 iterations the fit converged.
final sum of squares of residuals : 0.0587691
rel. change during last iteration : -8.29189e-10

degrees of freedom    (FIT_NDF)                        : 89
rms of residuals      (FIT_STDFIT) = sqrt(WSSR/ndf)    : 0.0256968
variance of residuals (reduced chisquare) = WSSR/ndf   : 0.000660327

Final set of parameters            Asymptotic Standard Error
=======================            ==========================
a               = 1.43412          +/- 0.0045       (0.3138%)
b               = -0.870333        +/- 0.03817      (4.386%)

correlation matrix of the fit parameters:
                a      b      
a               1.000 
b              -0.998  1.000 


*******************************************************************************
Tue Dec  8 12:36:33 2020


FIT:    data read from "lin_unif_notsorted" using 1:3
        format = x:z
        x range restricted to [1000.00 : 10000.0]
        #datapoints = 91
        residuals are weighted equally (unit weight)

function used for fitting: g(x)
	g(x) = ((a*x)/2)+b
fitted parameters initialized with current variable values

iter      chisq       delta/lim  lambda   a             b            
   0 1.5898292640e+08   0.00e+00  3.09e+03    1.434121e+00  -8.703332e-01
   9 3.2311742678e-27   0.00e+00  3.09e-02    1.000000e+00   5.000000e-01

After 9 iterations the fit converged.
final sum of squares of residuals : 3.23117e-27
rel. change during last iteration : 0

degrees of freedom    (FIT_NDF)                        : 89
rms of residuals      (FIT_STDFIT) = sqrt(WSSR/ndf)    : 6.02539e-15
variance of residuals (reduced chisquare) = WSSR/ndf   : 3.63053e-29

Final set of parameters            Asymptotic Standard Error
=======================            ==========================
a               = 1                +/- 4.809e-19    (4.809e-17%)
b               = 0.5              +/- 1.466e-15    (2.931e-13%)

correlation matrix of the fit parameters:
                a      b      
a               1.000 
b              -0.902  1.000 


*******************************************************************************
Tue Dec  8 12:36:44 2020


FIT:    data read from 'bin_unif_sorted' using 1:2
        format = x:z
        x range restricted to [1000.00 : 10000.0]
        #datapoints = 91
        residuals are weighted equally (unit weight)

function used for fitting: f(x)
	f(x)=a*log(x)+b
fitted parameters initialized with current variable values

iter      chisq       delta/lim  lambda   a             b            
   0 7.3408832379e+03   0.00e+00  6.01e+00    1.000000e+00   5.000000e-01
   6 3.4302395831e-11  -1.68e-07  6.01e-06   -2.893838e-07   3.657449e-06

After 6 iterations the fit converged.
final sum of squares of residuals : 3.43024e-11
rel. change during last iteration : -1.68198e-12

degrees of freedom    (FIT_NDF)                        : 89
rms of residuals      (FIT_STDFIT) = sqrt(WSSR/ndf)    : 6.20822e-07
variance of residuals (reduced chisquare) = WSSR/ndf   : 3.8542e-13

Final set of parameters            Asymptotic Standard Error
=======================            ==========================
a               = -2.89384e-07     +/- 1.087e-07    (37.57%)
b               = 3.65745e-06      +/- 9.223e-07    (25.22%)

correlation matrix of the fit parameters:
                a      b      
a               1.000 
b              -0.998  1.000 


*******************************************************************************
Tue Dec  8 12:36:44 2020


FIT:    data read from 'lin_unif_notsorted' using 1:2
        format = x:z
        x range restricted to [1000.00 : 10000.0]
        #datapoints = 91
        residuals are weighted equally (unit weight)

function used for fitting: g(x)
	g(x)=((a*x)/2)+b
fitted parameters initialized with current variable values

iter      chisq       delta/lim  lambda   a             b            
   0 8.9991530452e-05   0.00e+00  6.24e-04   -2.893838e-07   3.657449e-06
   5 2.1254523395e-08  -1.54e-05  6.24e-09    3.743080e-08   1.823539e-06

After 5 iterations the fit converged.
final sum of squares of residuals : 2.12545e-08
rel. change during last iteration : -1.54079e-10

degrees of freedom    (FIT_NDF)                        : 89
rms of residuals      (FIT_STDFIT) = sqrt(WSSR/ndf)    : 1.54536e-05
variance of residuals (reduced chisquare) = WSSR/ndf   : 2.38815e-10

Final set of parameters            Asymptotic Standard Error
=======================            ==========================
a               = 3.74308e-08      +/- 1.233e-09    (3.295%)
b               = 1.82354e-06      +/- 3.759e-06    (206.1%)

correlation matrix of the fit parameters:
                a      b      
a               1.000 
b              -0.902  1.000 
