

*******************************************************************************
Sun Nov  1 13:04:09 2020


FIT:    data read from 'AAAmergesort' using 1:2
        format = x:z
        #datapoints = 200
        residuals are weighted equally (unit weight)

function used for fitting: f(x)
	f(x)=a*x**2+b*x+c
fitted parameters initialized with current variable values

iter      chisq       delta/lim  lambda   a             b             c            
   0 3.9799667969e+13   0.00e+00  2.57e+05    1.000000e+00   1.000000e+00   1.000000e+00
   9 4.1368376896e-05  -1.94e-05  2.57e-04    1.754810e-09   3.271744e-06   2.547307e-04

After 9 iterations the fit converged.
final sum of squares of residuals : 4.13684e-05
rel. change during last iteration : -1.93979e-10

degrees of freedom    (FIT_NDF)                        : 197
rms of residuals      (FIT_STDFIT) = sqrt(WSSR/ndf)    : 0.000458249
variance of residuals (reduced chisquare) = WSSR/ndf   : 2.09992e-07

Final set of parameters            Asymptotic Standard Error
=======================            ==========================
a               = 1.75481e-09      +/- 4.348e-10    (24.78%)
b               = 3.27174e-06      +/- 4.478e-07    (13.69%)
c               = 0.000254731      +/- 9.663e-05    (37.93%)

correlation matrix of the fit parameters:
                a      b      c      
a               1.000 
b              -0.968  1.000 
c               0.743 -0.865  1.000 


*******************************************************************************
Sun Nov  1 13:05:03 2020


FIT:    data read from 'AAAmergesort' using 1:2
        format = x:z
        #datapoints = 200
        residuals are weighted equally (unit weight)

function used for fitting: f(x)
	f(x)=a*x**2+b*x+c
fitted parameters initialized with current variable values

iter      chisq       delta/lim  lambda   a             b             c            
   0 4.1368376896e-05   0.00e+00  1.19e-03    1.754810e-09   3.271744e-06   2.547307e-04
   1 4.1368376896e-05   0.00e+00  1.19e-03    1.754810e-09   3.271744e-06   2.547307e-04

After 1 iterations the fit converged.
final sum of squares of residuals : 4.13684e-05
rel. change during last iteration : 0

degrees of freedom    (FIT_NDF)                        : 197
rms of residuals      (FIT_STDFIT) = sqrt(WSSR/ndf)    : 0.000458249
variance of residuals (reduced chisquare) = WSSR/ndf   : 2.09992e-07

Final set of parameters            Asymptotic Standard Error
=======================            ==========================
a               = 1.75481e-09      +/- 4.348e-10    (24.78%)
b               = 3.27174e-06      +/- 4.478e-07    (13.69%)
c               = 0.000254731      +/- 9.663e-05    (37.93%)

correlation matrix of the fit parameters:
                a      b      c      
a               1.000 
b              -0.968  1.000 
c               0.743 -0.865  1.000 
