Ejecutando script ex3.sh…

Running ex3 cache and matrix multiplication...
N: 1536 / 1792...
Cannot open cache3.dat for reading
rm: cannot remove `cache3.dat': No such file or directory
Cannot open cache3.dat for reading
rm: cannot remove `cache3.dat': No such file or directory
N: 1568 / 1792...
Line 1: missing command line
Cannot open cache3.dat for reading
rm: cannot remove `cache3.dat': No such file or directory
N: 1600 / 1792...
Line 1: missing command line
Cannot open cache3.dat for reading
rm: cannot remove `cache3.dat': No such file or directory
N: 1632 / 1792...
Line 1: missing command line
Cannot open cache3.dat for reading
rm: cannot remove `cache3.dat': No such file or directory
N: 1664 / 1792...
Line 1: missing command line
Cannot open cache3.dat for reading
rm: cannot remove `cache3.dat': No such file or directory
N: 1696 / 1792...
Line 1: missing command line
Cannot open cache3.dat for reading
rm: cannot remove `cache3.dat': No such file or directory
N: 1728 / 1792...
Line 1: missing command line
Cannot open cache3.dat for reading
rm: cannot remove `cache3.dat': No such file or directory
N: 1760 / 1792...
Line 1: missing command line
Cannot open cache3.dat for reading
rm: cannot remove `cache3.dat': No such file or directory
N: 1792 / 1792...
Line 1: missing command line
Cannot open cache3.dat for reading
rm: cannot remove `cache3.dat': No such file or directory
Generating plot...
Could not find/open font when opening font "arial", using internal non-scalable font
         line 0: warning: Skipping data file with no valid points
         line 0: warning: Skipping data file with no valid points
         line 0: warning: Skipping data file with no valid points
         line 0: warning: Skipping data file with no valid points

gnuplot> plot "mult.dat" using 1:3 with lines lw 2 title "matrixR",      "mult.dat" using 1:4 with lines dt 2 title "matrixW",     "mult.dat" using 1:6 with lines lw 2 title "matrixTR",     "mult.dat" using 1:7 with lines dt 2 title "matrixTW"
                                                                                                                                                                                                                                                   ^
         line 0: x range is invalid


gnuplot> replot
         ^
         line 0: no previous plot

Could not find/open font when opening font "arial", using internal non-scalable font
         line 0: warning: Skipping data file with no valid points
         line 0: warning: Skipping data file with no valid points

gnuplot> plot "mult.dat" using 1:2 with lines lw 2 title "matrix",      "mult.dat" using 1:3 with lines lw 2 title "matrixT"
                                                                                                                            ^
         line 0: x range is invalid


gnuplot> replot
         ^
         line 0: no previous plot

Ejecutando script ex3.sh…

Running normal and transposed...
N: 1536 / 1792...
N: 1552 / 1792...
N: 1568 / 1792...
N: 1584 / 1792...
N: 1600 / 1792...
N: 1616 / 1792...
N: 1632 / 1792...
N: 1648 / 1792...
N: 1664 / 1792...
N: 1680 / 1792...
N: 1696 / 1792...
N: 1712 / 1792...
N: 1728 / 1792...
N: 1744 / 1792...
N: 1760 / 1792...
N: 1776 / 1792...
N: 1792 / 1792...
Generating plots...
Could not find/open font when opening font "arial", using internal non-scalable font
Could not find/open font when opening font "arial", using internal non-scalable font
